<?xml version="1.0" encoding="UTF-8"?>
<!-- Generated by org.testng.reporters.JUnitXMLReporter -->
<testsuite ignored="0" hostname="DESKTOP-IHRQ0JB" failures="0" tests="6" name="Astrovidhan Test Cases" time="23.914" errors="0" timestamp="2026-08-21T15:15:18 IST">
  <testcase classname="testcases.TC009_ALRT" name="alertwindow" time="0.19"/>
  <testcase classname="testcases.TC009_ALRT" name="clickonalert" time="0.081"/>
  <testcase classname="testcases.TC009_ALRT" name="clickonalert1" time="0.118"/>
  <testcase classname="testcases.TC009_ALRT" name="clickonalert2" time="5.12"/>
  <testcase classname="testcases.TC009_ALRT" name="clickonalert3" time="0.218"/>
  <testcase classname="testcases.TC009_ALRT" name="clickonalert4" time="0.114"/>
</testsuite> <!-- Astrovidhan Test Cases -->
