<?xml version="1.0" encoding="UTF-8"?>
<!-- Generated by org.testng.reporters.JUnitXMLReporter -->
<testsuite ignored="0" hostname="DESKTOP-IHRQ0JB" failures="0" tests="4" name="TC002_RB" time="11.993" errors="0" timestamp="2026-08-11T13:40:18 IST">
  <testcase classname="testcases.TC003_CB" name="closePopup" time="2.108"/>
  <testcase classname="testcases.TC003_CB" name="clickPractice" time="1.234"/>
  <testcase classname="testcases.TC003_CB" name="clickElements" time="0.092"/>
  <testcase classname="testcases.TC003_CB" name="verifyCheckBoxes" time="0.695"/>
</testsuite> <!-- TC002_RB -->
