<?xml version="1.0" encoding="UTF-8"?>
<!-- Generated by org.testng.reporters.JUnitXMLReporter -->
<testsuite ignored="0" hostname="DESKTOP-IHRQ0JB" failures="0" tests="9" name="TextBox Test" time="38.981" errors="0" timestamp="2026-08-10T17:55:10 IST">
  <testcase classname="testcases.TC001_TextBox" name="closePopup" time="2.289"/>
  <testcase classname="testcases.TC001_TextBox" name="clickPractice" time="4.646"/>
  <testcase classname="testcases.TC001_TextBox" name="clickElements" time="0.098"/>
  <testcase classname="testcases.TC001_TextBox" name="clickTextBox" time="0.093"/>
  <testcase classname="testcases.TC001_TextBox" name="enterData" time="5.644"/>
  <testcase classname="testcases.TC001_TextBox" name="submit" time="0.073"/>
  <testcase classname="testcases.TC001_TextBox" name="verifyDetails" time="0.323"/>
  <testcase classname="testcases.TC001_TextBox" name="clickRadioButtonMenu" time="0.055"/>
  <testcase classname="testcases.TC001_TextBox" name="selectRadioButtons" time="8.304"/>
</testsuite> <!-- TextBox Test -->
