<?xml version="1.0" encoding="UTF-8"?>
<!-- Generated by org.testng.reporters.JUnitReportReporter -->
<testsuite hostname="DESKTOP-IHRQ0JB" failures="0" tests="8" name="testcases.TextBoxPracticeTest" time="22.394" errors="0" timestamp="2026-08-08T14:08:00 IST" skipped="0">
  <testcase classname="testcases.TextBoxPracticeTest" name="closePopup" time="2.122"/>
  <testcase classname="testcases.TextBoxPracticeTest" name="clickPractice" time="6.866"/>
  <testcase classname="testcases.TextBoxPracticeTest" name="clickElements" time="0.081"/>
  <testcase classname="testcases.TextBoxPracticeTest" name="clickTextBox" time="0.084"/>
  <testcase classname="testcases.TextBoxPracticeTest" name="enterData" time="1.628"/>
  <testcase classname="testcases.TextBoxPracticeTest" name="submit" time="0.085"/>
  <testcase classname="testcases.TextBoxPracticeTest" name="clickRadioButtonMenu" time="0.065"/>
  <testcase classname="testcases.TextBoxPracticeTest" name="selectRadioButtons" time="11.463"/>
</testsuite> <!-- testcases.TextBoxPracticeTest -->
