<?xml version="1.0" encoding="UTF-8"?>
<!-- Generated by org.testng.reporters.JUnitReportReporter -->
<testsuite hostname="DESKTOP-IHRQ0JB" failures="0" tests="5" name="testcases.TC008_BRSWIN" time="2.789" errors="0" timestamp="2026-08-18T15:38:43 IST" skipped="0">
  <testcase classname="testcases.TC008_BRSWIN" name="alertwindow" time="0.149"/>
  <testcase classname="testcases.TC008_BRSWIN" name="clickbrowserwindow" time="0.079"/>
  <testcase classname="testcases.TC008_BRSWIN" name="verifyNewTab" time="1.660"/>
  <testcase classname="testcases.TC008_BRSWIN" name="verifyNewWindow" time="0.792"/>
  <testcase classname="testcases.TC008_BRSWIN" name="verifyNewWindowMessage" time="0.109"/>
</testsuite> <!-- testcases.TC008_BRSWIN -->
