<?xml version="1.0" encoding="UTF-8"?>
<!-- Generated by org.testng.reporters.JUnitReportReporter -->
<testsuite hostname="DESKTOP-IHRQ0JB" failures="0" tests="6" name="testcases.TC009_ALRT" time="5.841" errors="0" timestamp="2026-08-21T15:15:19 IST" skipped="0">
  <testcase classname="testcases.TC009_ALRT" name="alertwindow" time="0.190"/>
  <testcase classname="testcases.TC009_ALRT" name="clickonalert" time="0.081"/>
  <testcase classname="testcases.TC009_ALRT" name="clickonalert1" time="0.118"/>
  <testcase classname="testcases.TC009_ALRT" name="clickonalert2" time="5.120"/>
  <testcase classname="testcases.TC009_ALRT" name="clickonalert3" time="0.218"/>
  <testcase classname="testcases.TC009_ALRT" name="clickonalert4" time="0.114"/>
</testsuite> <!-- testcases.TC009_ALRT -->
