<?xml version="1.0" encoding="UTF-8"?>
<!-- Generated by org.testng.reporters.JUnitReportReporter -->
<testsuite hostname="DESKTOP-IHRQ0JB" failures="0" tests="4" name="testcases.TC001_TextBox" time="5.962" errors="0" timestamp="2026-08-18T12:28:59 IST" skipped="0">
  <testcase classname="testcases.TC001_TextBox" name="clickTextBox" time="0.110"/>
  <testcase classname="testcases.TC001_TextBox" name="enterData" time="5.455"/>
  <testcase classname="testcases.TC001_TextBox" name="submit" time="0.074"/>
  <testcase classname="testcases.TC001_TextBox" name="verifyDetails" time="0.323"/>
</testsuite> <!-- testcases.TC001_TextBox -->
