<?xml version="1.0" encoding="UTF-8"?>
<!-- Generated by org.testng.reporters.JUnitReportReporter -->
<testsuite hostname="DESKTOP-IHRQ0JB" failures="0" tests="3" name="testcases.TC004_WT" time="6.567" errors="0" timestamp="2026-08-18T10:22:49 IST" skipped="0">
  <testcase classname="testcases.TC004_WT" name="clickonwebtable" time="0.172"/>
  <testcase classname="testcases.TC004_WT" name="filldata" time="5.395"/>
  <testcase classname="testcases.TC004_WT" name="verifyFillDetails" time="1.000"/>
</testsuite> <!-- testcases.TC004_WT -->
