<?xml version="1.0" encoding="UTF-8"?>
<!-- Generated by org.testng.reporters.JUnitReportReporter -->
<testsuite hostname="DESKTOP-IHRQ0JB" failures="0" tests="5" name="testcases.TC002_RB" time="12.473" errors="0" timestamp="2026-08-10T18:35:08 IST" skipped="0">
  <testcase classname="testcases.TC002_RB" name="closePopup" time="2.085"/>
  <testcase classname="testcases.TC002_RB" name="clickPractice" time="1.893"/>
  <testcase classname="testcases.TC002_RB" name="clickElements" time="0.082"/>
  <testcase classname="testcases.TC002_RB" name="clickRadioButtonMenu" time="0.083"/>
  <testcase classname="testcases.TC002_RB" name="selectRadioButtons" time="8.330"/>
</testsuite> <!-- testcases.TC002_RB -->
