<?xml version="1.0" encoding="UTF-8"?>
<!-- Generated by org.testng.reporters.JUnitReportReporter -->
<testsuite hostname="DESKTOP-IHRQ0JB" failures="0" tests="4" name="testcases.TC005_BTN" time="0.880" errors="0" timestamp="2026-08-18T10:15:23 IST" skipped="0">
  <testcase classname="testcases.TC005_BTN" name="clickonButtons" time="0.172"/>
  <testcase classname="testcases.TC005_BTN" name="clickondblbtn" time="0.258"/>
  <testcase classname="testcases.TC005_BTN" name="clickonrightbtn" time="0.223"/>
  <testcase classname="testcases.TC005_BTN" name="clickonclickmebtn" time="0.227"/>
</testsuite> <!-- testcases.TC005_BTN -->
