<?xml version="1.0" encoding="UTF-8"?>
<!-- Generated by org.testng.reporters.JUnitReportReporter -->
<testsuite hostname="DESKTOP-IHRQ0JB" failures="0" tests="5" name="testcases.TC002_RB" time="11.945" errors="0" timestamp="2026-08-17T17:08:52 IST" skipped="0">
  <testcase classname="testcases.TC002_RB" name="closePopup" time="2.105"/>
  <testcase classname="testcases.TC002_RB" name="clickPractice" time="1.295"/>
  <testcase classname="testcases.TC002_RB" name="clickElements" time="0.085"/>
  <testcase classname="testcases.TC002_RB" name="clickRadioButtonMenu" time="0.162"/>
  <testcase classname="testcases.TC002_RB" name="selectRadioButtons" time="8.298"/>
</testsuite> <!-- testcases.TC002_RB -->
