<?xml version="1.0" encoding="UTF-8"?>
<!-- Generated by org.testng.reporters.JUnitReportReporter -->
<testsuite hostname="DESKTOP-IHRQ0JB" failures="0" tests="3" name="testcases.TC006_LK" time="1.021" errors="0" timestamp="2026-08-18T15:55:32 IST" skipped="0">
  <testcase classname="testcases.TC006_LK" name="clickonlink" time="0.154"/>
  <testcase classname="testcases.TC006_LK" name="clickOnDemo" time="0.756"/>
  <testcase classname="testcases.TC006_LK" name="verifycreatedlink" time="0.111"/>
</testsuite> <!-- testcases.TC006_LK -->
