<?xml version="1.0" encoding="UTF-8"?>
<!-- Generated by org.testng.reporters.JUnitReportReporter -->
<testsuite hostname="Dinu" failures="0" tests="6" name="testcases.TC004_WT" time="11.435" errors="0" timestamp="2026-08-14T21:48:56 IST" skipped="0">
  <testcase classname="testcases.TC004_WT" name="closePopup" time="2.105"/>
  <testcase classname="testcases.TC004_WT" name="clickPractice" time="0.955"/>
  <testcase classname="testcases.TC004_WT" name="clickElements" time="0.089"/>
  <testcase classname="testcases.TC004_WT" name="clickonwebtable" time="0.232"/>
  <testcase classname="testcases.TC004_WT" name="filldata" time="6.692"/>
  <testcase classname="testcases.TC004_WT" name="verifyFillDetails" time="1.362"/>
</testsuite> <!-- testcases.TC004_WT -->
