<?xml version="1.0" encoding="UTF-8"?>
<!-- Generated by org.testng.reporters.JUnitReportReporter -->
<testsuite hostname="Dinu" failures="0" tests="7" name="testcases.TC005_BTN" time="4.229" errors="0" timestamp="2026-08-16T19:04:40 IST" skipped="0">
  <testcase classname="testcases.TC005_BTN" name="closePopup" time="2.558"/>
  <testcase classname="testcases.TC005_BTN" name="clickPractice" time="0.529"/>
  <testcase classname="testcases.TC005_BTN" name="clickElements" time="0.134"/>
  <testcase classname="testcases.TC005_BTN" name="clickButtons" time="0.206"/>
  <testcase classname="testcases.TC005_BTN" name="clickondblbtn" time="0.281"/>
  <testcase classname="testcases.TC005_BTN" name="clickonrightbtn" time="0.281"/>
  <testcase classname="testcases.TC005_BTN" name="clickonclickmebtn" time="0.240"/>
</testsuite> <!-- testcases.TC005_BTN -->
