<?xml version="1.0" encoding="UTF-8"?>
<!-- Generated by org.testng.reporters.JUnitReportReporter -->
<testsuite hostname="DESKTOP-IHRQ0JB" failures="0" tests="7" name="testcases.TC001_TextBox" time="6.222" errors="0" timestamp="2026-08-10T18:35:08 IST" skipped="0">
  <testcase classname="testcases.TC001_TextBox" name="closePopup" time="2.138"/>
  <testcase classname="testcases.TC001_TextBox" name="clickPractice" time="1.849"/>
  <testcase classname="testcases.TC001_TextBox" name="clickElements" time="0.092"/>
  <testcase classname="testcases.TC001_TextBox" name="clickTextBox" time="0.090"/>
  <testcase classname="testcases.TC001_TextBox" name="enterData" time="1.648"/>
  <testcase classname="testcases.TC001_TextBox" name="submit" time="0.076"/>
  <testcase classname="testcases.TC001_TextBox" name="verifyDetails" time="0.329"/>
</testsuite> <!-- testcases.TC001_TextBox -->
