<?xml version="1.0" encoding="UTF-8"?>
<!-- Generated by org.testng.reporters.JUnitReportReporter -->
<testsuite hostname="Dinu" failures="0" tests="4" name="testcases.TC003_CB" time="5.128" errors="0" timestamp="2026-08-14T09:59:58 IST" skipped="0">
  <testcase classname="testcases.TC003_CB" name="closePopup" time="2.110"/>
  <testcase classname="testcases.TC003_CB" name="clickPractice" time="2.137"/>
  <testcase classname="testcases.TC003_CB" name="clickElements" time="0.097"/>
  <testcase classname="testcases.TC003_CB" name="verifyCheckBoxes" time="0.784"/>
</testsuite> <!-- testcases.TC003_CB -->
